gcc: fatal error: input file 'MM_init' is the same as output file
compilation terminated.
slurmstepd: error: execve(): /scratch/courses0101/ksermon/CITS5507_Project1/./MM_init: Permission denied
slurmstepd: error: execve(): /scratch/courses0101/ksermon/CITS5507_Project1/./MM_init: Permission denied
slurmstepd: error: execve(): /scratch/courses0101/ksermon/CITS5507_Project1/./MM_init: Permission denied
slurmstepd: error: execve(): /scratch/courses0101/ksermon/CITS5507_Project1/./MM_init: Permission denied
slurmstepd: error: execve(): /scratch/courses0101/ksermon/CITS5507_Project1/./MM_init: Permission denied
slurmstepd: error: execve(): /scratch/courses0101/ksermon/CITS5507_Project1/./MM_init: Permission denied
slurmstepd: error: execve(): /scratch/courses0101/ksermon/CITS5507_Project1/./MM_init: Permission denied
slurmstepd: error: execve(): /scratch/courses0101/ksermon/CITS5507_Project1/./MM_init: Permission denied
slurmstepd: error: execve(): /scratch/courses0101/ksermon/CITS5507_Project1/./MM_init: Permission denied
slurmstepd: error: execve(): /scratch/courses0101/ksermon/CITS5507_Project1/./MM_init: Permission denied
slurmstepd: error: execve(): /scratch/courses0101/ksermon/CITS5507_Project1/./MM_init: Permission denied
slurmstepd: error: execve(): /scratch/courses0101/ksermon/CITS5507_Project1/./MM_init: Permission denied
slurmstepd: error: execve(): /scratch/courses0101/ksermon/CITS5507_Project1/./MM_init: Permission denied
slurmstepd: error: execve(): /scratch/courses0101/ksermon/CITS5507_Project1/./MM_init: Permission denied
slurmstepd: error: execve(): /scratch/courses0101/ksermon/CITS5507_Project1/./MM_init: Permission denied
slurmstepd: error: execve(): /scratch/courses0101/ksermon/CITS5507_Project1/./MM_init: Permission denied
slurmstepd: error: execve(): /scratch/courses0101/ksermon/CITS5507_Project1/./MM_init: Permission denied
slurmstepd: error: execve(): /scratch/courses0101/ksermon/CITS5507_Project1/./MM_init: Permission denied
slurmstepd: error: execve(): /scratch/courses0101/ksermon/CITS5507_Project1/./MM_init: Permission denied
slurmstepd: error: execve(): /scratch/courses0101/ksermon/CITS5507_Project1/./MM_init: Permission denied
slurmstepd: error: execve(): /scratch/courses0101/ksermon/CITS5507_Project1/./MM_init: Permission denied
slurmstepd: error: execve(): /scratch/courses0101/ksermon/CITS5507_Project1/./MM_init: Permission denied
slurmstepd: error: execve(): /scratch/courses0101/ksermon/CITS5507_Project1/./MM_init: Permission denied
slurmstepd: error: execve(): /scratch/courses0101/ksermon/CITS5507_Project1/./MM_init: Permission denied
slurmstepd: error: execve(): /scratch/courses0101/ksermon/CITS5507_Project1/./MM_init: Permission denied
slurmstepd: error: execve(): /scratch/courses0101/ksermon/CITS5507_Project1/./MM_init: Permission denied
slurmstepd: error: execve(): /scratch/courses0101/ksermon/CITS5507_Project1/./MM_init: Permission denied
slurmstepd: error: execve(): /scratch/courses0101/ksermon/CITS5507_Project1/./MM_init: Permission denied
srun: error: nid001914: tasks 0-27: Exited with exit code 13
srun: Terminating StepId=16222974.0
