Sparse Matrix X generated with 1000276 non-zero elements.
Sparse Matrix Y generated with 998698 non-zero elements.

First 10 elements of B and C for Matrix X:
X: B[0] = 8, C[0] = 8412
X: B[1] = 3, C[1] = 3072
X: B[2] = 8, C[2] = 9117
X: B[3] = 2, C[3] = 3937
X: B[4] = 4, C[4] = 4215
X: B[5] = 5, C[5] = 1361
X: B[6] = 7, C[6] = 5880
X: B[7] = 4, C[7] = 6040
X: B[8] = 3, C[8] = 5266
X: B[9] = 2, C[9] = 2669

First 10 elements of B and C for Matrix Y:
Y: B[0] = 3, C[0] = 4824
Y: B[1] = 1, C[1] = 1753
Y: B[2] = 10, C[2] = 7617
Y: B[3] = 6, C[3] = 5751
Y: B[4] = 3, C[4] = 1659
Y: B[5] = 10, C[5] = 1070
Y: B[6] = 7, C[6] = 7077
Y: B[7] = 5, C[7] = 7432
Y: B[8] = 7, C[8] = 407
Y: B[9] = 7, C[9] = 7234
Sparse Matrix X generated with 1000276 non-zero elements.
Sparse Matrix Y generated with 998698 non-zero elements.

First 10 elements of B and C for Matrix X:
X: B[0] = 8, C[0] = 8412
X: B[1] = 3, C[1] = 3072
X: B[2] = 8, C[2] = 9117
X: B[3] = 2, C[3] = 3937
X: B[4] = 4, C[4] = 4215
X: B[5] = 5, C[5] = 1361
X: B[6] = 7, C[6] = 5880
X: B[7] = 4, C[7] = 6040
X: B[8] = 3, C[8] = 5266
X: B[9] = 2, C[9] = 2669

First 10 elements of B and C for Matrix Y:
Y: B[0] = 3, C[0] = 4824
Y: B[1] = 1, C[1] = 1753
Y: B[2] = 10, C[2] = 7617
Y: B[3] = 6, C[3] = 5751
Y: B[4] = 3, C[4] = 1659
Y: B[5] = 10, C[5] = 1070
Y: B[6] = 7, C[6] = 7077
Y: B[7] = 5, C[7] = 7432
Y: B[8] = 7, C[8] = 407
Y: B[9] = 7, C[9] = 7234
Sparse Matrix X generated with 1000276 non-zero elements.
Sparse Matrix Y generated with 998698 non-zero elements.

First 10 elements of B and C for Matrix X:
X: B[0] = 8, C[0] = 8412
X: B[1] = 3, C[1] = 3072
X: B[2] = 8, C[2] = 9117
X: B[3] = 2, C[3] = 3937
X: B[4] = 4, C[4] = 4215
X: B[5] = 5, C[5] = 1361
X: B[6] = 7, C[6] = 5880
X: B[7] = 4, C[7] = 6040
X: B[8] = 3, C[8] = 5266
X: B[9] = 2, C[9] = 2669

First 10 elements of B and C for Matrix Y:
Y: B[0] = 3, C[0] = 4824
Y: B[1] = 1, C[1] = 1753
Y: B[2] = 10, C[2] = 7617
Y: B[3] = 6, C[3] = 5751
Y: B[4] = 3, C[4] = 1659
Y: B[5] = 10, C[5] = 1070
Y: B[6] = 7, C[6] = 7077
Y: B[7] = 5, C[7] = 7432
Y: B[8] = 7, C[8] = 407
Y: B[9] = 7, C[9] = 7234
Sparse Matrix X generated with 1000276 non-zero elements.
Sparse Matrix Y generated with 998698 non-zero elements.

First 10 elements of B and C for Matrix X:
X: B[0] = 8, C[0] = 8412
X: B[1] = 3, C[1] = 3072
X: B[2] = 8, C[2] = 9117
X: B[3] = 2, C[3] = 3937
X: B[4] = 4, C[4] = 4215
X: B[5] = 5, C[5] = 1361
X: B[6] = 7, C[6] = 5880
X: B[7] = 4, C[7] = 6040
X: B[8] = 3, C[8] = 5266
X: B[9] = 2, C[9] = 2669

First 10 elements of B and C for Matrix Y:
Y: B[0] = 3, C[0] = 4824
Y: B[1] = 1, C[1] = 1753
Y: B[2] = 10, C[2] = 7617
Y: B[3] = 6, C[3] = 5751
Y: B[4] = 3, C[4] = 1659
Y: B[5] = 10, C[5] = 1070
Y: B[6] = 7, C[6] = 7077
Y: B[7] = 5, C[7] = 7432
Y: B[8] = 7, C[8] = 407
Y: B[9] = 7, C[9] = 7234
Sparse Matrix X generated with 1000276 non-zero elements.
Sparse Matrix Y generated with 998698 non-zero elements.

First 10 elements of B and C for Matrix X:
X: B[0] = 8, C[0] = 8412
X: B[1] = 3, C[1] = 3072
X: B[2] = 8, C[2] = 9117
X: B[3] = 2, C[3] = 3937
X: B[4] = 4, C[4] = 4215
X: B[5] = 5, C[5] = 1361
X: B[6] = 7, C[6] = 5880
X: B[7] = 4, C[7] = 6040
X: B[8] = 3, C[8] = 5266
X: B[9] = 2, C[9] = 2669

First 10 elements of B and C for Matrix Y:
Y: B[0] = 3, C[0] = 4824
Y: B[1] = 1, C[1] = 1753
Y: B[2] = 10, C[2] = 7617
Y: B[3] = 6, C[3] = 5751
Y: B[4] = 3, C[4] = 1659
Y: B[5] = 10, C[5] = 1070
Y: B[6] = 7, C[6] = 7077
Y: B[7] = 5, C[7] = 7432
Y: B[8] = 7, C[8] = 407
Y: B[9] = 7, C[9] = 7234
Sparse Matrix X generated with 1000276 non-zero elements.
Sparse Matrix Y generated with 998698 non-zero elements.

First 10 elements of B and C for Matrix X:
X: B[0] = 8, C[0] = 8412
X: B[1] = 3, C[1] = 3072
X: B[2] = 8, C[2] = 9117
X: B[3] = 2, C[3] = 3937
X: B[4] = 4, C[4] = 4215
X: B[5] = 5, C[5] = 1361
X: B[6] = 7, C[6] = 5880
X: B[7] = 4, C[7] = 6040
X: B[8] = 3, C[8] = 5266
X: B[9] = 2, C[9] = 2669

First 10 elements of B and C for Matrix Y:
Y: B[0] = 3, C[0] = 4824
Y: B[1] = 1, C[1] = 1753
Y: B[2] = 10, C[2] = 7617
Y: B[3] = 6, C[3] = 5751
Y: B[4] = 3, C[4] = 1659
Y: B[5] = 10, C[5] = 1070
Y: B[6] = 7, C[6] = 7077
Y: B[7] = 5, C[7] = 7432
Y: B[8] = 7, C[8] = 407
Y: B[9] = 7, C[9] = 7234
Sparse Matrix X generated with 1000276 non-zero elements.
Sparse Matrix Y generated with 998698 non-zero elements.

First 10 elements of B and C for Matrix X:
X: B[0] = 8, C[0] = 8412
X: B[1] = 3, C[1] = 3072
X: B[2] = 8, C[2] = 9117
X: B[3] = 2, C[3] = 3937
X: B[4] = 4, C[4] = 4215
X: B[5] = 5, C[5] = 1361
X: B[6] = 7, C[6] = 5880
X: B[7] = 4, C[7] = 6040
X: B[8] = 3, C[8] = 5266
X: B[9] = 2, C[9] = 2669

First 10 elements of B and C for Matrix Y:
Y: B[0] = 3, C[0] = 4824
Y: B[1] = 1, C[1] = 1753
Y: B[2] = 10, C[2] = 7617
Y: B[3] = 6, C[3] = 5751
Y: B[4] = 3, C[4] = 1659
Y: B[5] = 10, C[5] = 1070
Y: B[6] = 7, C[6] = 7077
Y: B[7] = 5, C[7] = 7432
Y: B[8] = 7, C[8] = 407
Y: B[9] = 7, C[9] = 7234
Sparse Matrix X generated with 1000276 non-zero elements.
Sparse Matrix Y generated with 998698 non-zero elements.

First 10 elements of B and C for Matrix X:
X: B[0] = 8, C[0] = 8412
X: B[1] = 3, C[1] = 3072
X: B[2] = 8, C[2] = 9117
X: B[3] = 2, C[3] = 3937
X: B[4] = 4, C[4] = 4215
X: B[5] = 5, C[5] = 1361
X: B[6] = 7, C[6] = 5880
X: B[7] = 4, C[7] = 6040
X: B[8] = 3, C[8] = 5266
X: B[9] = 2, C[9] = 2669

First 10 elements of B and C for Matrix Y:
Y: B[0] = 3, C[0] = 4824
Y: B[1] = 1, C[1] = 1753
Y: B[2] = 10, C[2] = 7617
Y: B[3] = 6, C[3] = 5751
Y: B[4] = 3, C[4] = 1659
Y: B[5] = 10, C[5] = 1070
Y: B[6] = 7, C[6] = 7077
Y: B[7] = 5, C[7] = 7432
Y: B[8] = 7, C[8] = 407
Y: B[9] = 7, C[9] = 7234
Sparse Matrix X generated with 1000276 non-zero elements.
Sparse Matrix Y generated with 998698 non-zero elements.

First 10 elements of B and C for Matrix X:
X: B[0] = 8, C[0] = 8412
X: B[1] = 3, C[1] = 3072
X: B[2] = 8, C[2] = 9117
X: B[3] = 2, C[3] = 3937
X: B[4] = 4, C[4] = 4215
X: B[5] = 5, C[5] = 1361
X: B[6] = 7, C[6] = 5880
X: B[7] = 4, C[7] = 6040
X: B[8] = 3, C[8] = 5266
X: B[9] = 2, C[9] = 2669

First 10 elements of B and C for Matrix Y:
Y: B[0] = 3, C[0] = 4824
Y: B[1] = 1, C[1] = 1753
Y: B[2] = 10, C[2] = 7617
Y: B[3] = 6, C[3] = 5751
Y: B[4] = 3, C[4] = 1659
Y: B[5] = 10, C[5] = 1070
Y: B[6] = 7, C[6] = 7077
Y: B[7] = 5, C[7] = 7432
Y: B[8] = 7, C[8] = 407
Y: B[9] = 7, C[9] = 7234
Sparse Matrix X generated with 1000276 non-zero elements.
Sparse Matrix Y generated with 998698 non-zero elements.

First 10 elements of B and C for Matrix X:
X: B[0] = 8, C[0] = 8412
X: B[1] = 3, C[1] = 3072
X: B[2] = 8, C[2] = 9117
X: B[3] = 2, C[3] = 3937
X: B[4] = 4, C[4] = 4215
X: B[5] = 5, C[5] = 1361
X: B[6] = 7, C[6] = 5880
X: B[7] = 4, C[7] = 6040
X: B[8] = 3, C[8] = 5266
X: B[9] = 2, C[9] = 2669

First 10 elements of B and C for Matrix Y:
Y: B[0] = 3, C[0] = 4824
Y: B[1] = 1, C[1] = 1753
Y: B[2] = 10, C[2] = 7617
Y: B[3] = 6, C[3] = 5751
Y: B[4] = 3, C[4] = 1659
Y: B[5] = 10, C[5] = 1070
Y: B[6] = 7, C[6] = 7077
Y: B[7] = 5, C[7] = 7432
Y: B[8] = 7, C[8] = 407
Y: B[9] = 7, C[9] = 7234
Sparse Matrix X generated with 1000276 non-zero elements.
Sparse Matrix Y generated with 998698 non-zero elements.

First 10 elements of B and C for Matrix X:
X: B[0] = 8, C[0] = 8412
X: B[1] = 3, C[1] = 3072
X: B[2] = 8, C[2] = 9117
X: B[3] = 2, C[3] = 3937
X: B[4] = 4, C[4] = 4215
X: B[5] = 5, C[5] = 1361
X: B[6] = 7, C[6] = 5880
X: B[7] = 4, C[7] = 6040
X: B[8] = 3, C[8] = 5266
X: B[9] = 2, C[9] = 2669

First 10 elements of B and C for Matrix Y:
Y: B[0] = 3, C[0] = 4824
Y: B[1] = 1, C[1] = 1753
Y: B[2] = 10, C[2] = 7617
Y: B[3] = 6, C[3] = 5751
Y: B[4] = 3, C[4] = 1659
Y: B[5] = 10, C[5] = 1070
Y: B[6] = 7, C[6] = 7077
Y: B[7] = 5, C[7] = 7432
Y: B[8] = 7, C[8] = 407
Y: B[9] = 7, C[9] = 7234
Sparse Matrix X generated with 1000276 non-zero elements.
Sparse Matrix Y generated with 998698 non-zero elements.

First 10 elements of B and C for Matrix X:
X: B[0] = 8, C[0] = 8412
X: B[1] = 3, C[1] = 3072
X: B[2] = 8, C[2] = 9117
X: B[3] = 2, C[3] = 3937
X: B[4] = 4, C[4] = 4215
X: B[5] = 5, C[5] = 1361
X: B[6] = 7, C[6] = 5880
X: B[7] = 4, C[7] = 6040
X: B[8] = 3, C[8] = 5266
X: B[9] = 2, C[9] = 2669

First 10 elements of B and C for Matrix Y:
Y: B[0] = 3, C[0] = 4824
Y: B[1] = 1, C[1] = 1753
Y: B[2] = 10, C[2] = 7617
Y: B[3] = 6, C[3] = 5751
Y: B[4] = 3, C[4] = 1659
Y: B[5] = 10, C[5] = 1070
Y: B[6] = 7, C[6] = 7077
Y: B[7] = 5, C[7] = 7432
Y: B[8] = 7, C[8] = 407
Y: B[9] = 7, C[9] = 7234
Sparse Matrix X generated with 1000276 non-zero elements.
Sparse Matrix Y generated with 998698 non-zero elements.

First 10 elements of B and C for Matrix X:
X: B[0] = 8, C[0] = 8412
X: B[1] = 3, C[1] = 3072
X: B[2] = 8, C[2] = 9117
X: B[3] = 2, C[3] = 3937
X: B[4] = 4, C[4] = 4215
X: B[5] = 5, C[5] = 1361
X: B[6] = 7, C[6] = 5880
X: B[7] = 4, C[7] = 6040
X: B[8] = 3, C[8] = 5266
X: B[9] = 2, C[9] = 2669

First 10 elements of B and C for Matrix Y:
Y: B[0] = 3, C[0] = 4824
Y: B[1] = 1, C[1] = 1753
Y: B[2] = 10, C[2] = 7617
Y: B[3] = 6, C[3] = 5751
Y: B[4] = 3, C[4] = 1659
Y: B[5] = 10, C[5] = 1070
Y: B[6] = 7, C[6] = 7077
Y: B[7] = 5, C[7] = 7432
Y: B[8] = 7, C[8] = 407
Y: B[9] = 7, C[9] = 7234
Sparse Matrix X generated with 1000276 non-zero elements.
Sparse Matrix Y generated with 998698 non-zero elements.

First 10 elements of B and C for Matrix X:
X: B[0] = 8, C[0] = 8412
X: B[1] = 3, C[1] = 3072
X: B[2] = 8, C[2] = 9117
X: B[3] = 2, C[3] = 3937
X: B[4] = 4, C[4] = 4215
X: B[5] = 5, C[5] = 1361
X: B[6] = 7, C[6] = 5880
X: B[7] = 4, C[7] = 6040
X: B[8] = 3, C[8] = 5266
X: B[9] = 2, C[9] = 2669

First 10 elements of B and C for Matrix Y:
Y: B[0] = 3, C[0] = 4824
Y: B[1] = 1, C[1] = 1753
Y: B[2] = 10, C[2] = 7617
Y: B[3] = 6, C[3] = 5751
Y: B[4] = 3, C[4] = 1659
Y: B[5] = 10, C[5] = 1070
Y: B[6] = 7, C[6] = 7077
Y: B[7] = 5, C[7] = 7432
Y: B[8] = 7, C[8] = 407
Y: B[9] = 7, C[9] = 7234
Sparse Matrix X generated with 1000276 non-zero elements.
Sparse Matrix Y generated with 998698 non-zero elements.

First 10 elements of B and C for Matrix X:
X: B[0] = 8, C[0] = 8412
X: B[1] = 3, C[1] = 3072
X: B[2] = 8, C[2] = 9117
X: B[3] = 2, C[3] = 3937
X: B[4] = 4, C[4] = 4215
X: B[5] = 5, C[5] = 1361
X: B[6] = 7, C[6] = 5880
X: B[7] = 4, C[7] = 6040
X: B[8] = 3, C[8] = 5266
X: B[9] = 2, C[9] = 2669

First 10 elements of B and C for Matrix Y:
Y: B[0] = 3, C[0] = 4824
Y: B[1] = 1, C[1] = 1753
Y: B[2] = 10, C[2] = 7617
Y: B[3] = 6, C[3] = 5751
Y: B[4] = 3, C[4] = 1659
Y: B[5] = 10, C[5] = 1070
Y: B[6] = 7, C[6] = 7077
Y: B[7] = 5, C[7] = 7432
Y: B[8] = 7, C[8] = 407
Y: B[9] = 7, C[9] = 7234
Sparse Matrix X generated with 1000276 non-zero elements.
Sparse Matrix Y generated with 998698 non-zero elements.

First 10 elements of B and C for Matrix X:
X: B[0] = 8, C[0] = 8412
X: B[1] = 3, C[1] = 3072
X: B[2] = 8, C[2] = 9117
X: B[3] = 2, C[3] = 3937
X: B[4] = 4, C[4] = 4215
X: B[5] = 5, C[5] = 1361
X: B[6] = 7, C[6] = 5880
X: B[7] = 4, C[7] = 6040
X: B[8] = 3, C[8] = 5266
X: B[9] = 2, C[9] = 2669

First 10 elements of B and C for Matrix Y:
Y: B[0] = 3, C[0] = 4824
Y: B[1] = 1, C[1] = 1753
Y: B[2] = 10, C[2] = 7617
Y: B[3] = 6, C[3] = 5751
Y: B[4] = 3, C[4] = 1659
Y: B[5] = 10, C[5] = 1070
Y: B[6] = 7, C[6] = 7077
Y: B[7] = 5, C[7] = 7432
Y: B[8] = 7, C[8] = 407
Y: B[9] = 7, C[9] = 7234
Sparse Matrix X generated with 1000276 non-zero elements.
Sparse Matrix Y generated with 998698 non-zero elements.

First 10 elements of B and C for Matrix X:
X: B[0] = 8, C[0] = 8412
X: B[1] = 3, C[1] = 3072
X: B[2] = 8, C[2] = 9117
X: B[3] = 2, C[3] = 3937
X: B[4] = 4, C[4] = 4215
X: B[5] = 5, C[5] = 1361
X: B[6] = 7, C[6] = 5880
X: B[7] = 4, C[7] = 6040
X: B[8] = 3, C[8] = 5266
X: B[9] = 2, C[9] = 2669

First 10 elements of B and C for Matrix Y:
Y: B[0] = 3, C[0] = 4824
Y: B[1] = 1, C[1] = 1753
Y: B[2] = 10, C[2] = 7617
Y: B[3] = 6, C[3] = 5751
Y: B[4] = 3, C[4] = 1659
Y: B[5] = 10, C[5] = 1070
Y: B[6] = 7, C[6] = 7077
Y: B[7] = 5, C[7] = 7432
Y: B[8] = 7, C[8] = 407
Y: B[9] = 7, C[9] = 7234
Sparse Matrix X generated with 1000276 non-zero elements.
Sparse Matrix Y generated with 998698 non-zero elements.

First 10 elements of B and C for Matrix X:
X: B[0] = 8, C[0] = 8412
X: B[1] = 3, C[1] = 3072
X: B[2] = 8, C[2] = 9117
X: B[3] = 2, C[3] = 3937
X: B[4] = 4, C[4] = 4215
X: B[5] = 5, C[5] = 1361
X: B[6] = 7, C[6] = 5880
X: B[7] = 4, C[7] = 6040
X: B[8] = 3, C[8] = 5266
X: B[9] = 2, C[9] = 2669

First 10 elements of B and C for Matrix Y:
Y: B[0] = 3, C[0] = 4824
Y: B[1] = 1, C[1] = 1753
Y: B[2] = 10, C[2] = 7617
Y: B[3] = 6, C[3] = 5751
Y: B[4] = 3, C[4] = 1659
Y: B[5] = 10, C[5] = 1070
Y: B[6] = 7, C[6] = 7077
Y: B[7] = 5, C[7] = 7432
Y: B[8] = 7, C[8] = 407
Y: B[9] = 7, C[9] = 7234
Sparse Matrix X generated with 1000276 non-zero elements.
Sparse Matrix Y generated with 998698 non-zero elements.

First 10 elements of B and C for Matrix X:
X: B[0] = 8, C[0] = 8412
X: B[1] = 3, C[1] = 3072
X: B[2] = 8, C[2] = 9117
X: B[3] = 2, C[3] = 3937
X: B[4] = 4, C[4] = 4215
X: B[5] = 5, C[5] = 1361
X: B[6] = 7, C[6] = 5880
X: B[7] = 4, C[7] = 6040
X: B[8] = 3, C[8] = 5266
X: B[9] = 2, C[9] = 2669

First 10 elements of B and C for Matrix Y:
Y: B[0] = 3, C[0] = 4824
Y: B[1] = 1, C[1] = 1753
Y: B[2] = 10, C[2] = 7617
Y: B[3] = 6, C[3] = 5751
Y: B[4] = 3, C[4] = 1659
Y: B[5] = 10, C[5] = 1070
Y: B[6] = 7, C[6] = 7077
Y: B[7] = 5, C[7] = 7432
Y: B[8] = 7, C[8] = 407
Y: B[9] = 7, C[9] = 7234
Sparse Matrix X generated with 1000276 non-zero elements.
Sparse Matrix Y generated with 998698 non-zero elements.

First 10 elements of B and C for Matrix X:
X: B[0] = 8, C[0] = 8412
X: B[1] = 3, C[1] = 3072
X: B[2] = 8, C[2] = 9117
X: B[3] = 2, C[3] = 3937
X: B[4] = 4, C[4] = 4215
X: B[5] = 5, C[5] = 1361
X: B[6] = 7, C[6] = 5880
X: B[7] = 4, C[7] = 6040
X: B[8] = 3, C[8] = 5266
X: B[9] = 2, C[9] = 2669

First 10 elements of B and C for Matrix Y:
Y: B[0] = 3, C[0] = 4824
Y: B[1] = 1, C[1] = 1753
Y: B[2] = 10, C[2] = 7617
Y: B[3] = 6, C[3] = 5751
Y: B[4] = 3, C[4] = 1659
Y: B[5] = 10, C[5] = 1070
Y: B[6] = 7, C[6] = 7077
Y: B[7] = 5, C[7] = 7432
Y: B[8] = 7, C[8] = 407
Y: B[9] = 7, C[9] = 7234
Sparse Matrix X generated with 1000276 non-zero elements.
Sparse Matrix Y generated with 998698 non-zero elements.

First 10 elements of B and C for Matrix X:
X: B[0] = 8, C[0] = 8412
X: B[1] = 3, C[1] = 3072
X: B[2] = 8, C[2] = 9117
X: B[3] = 2, C[3] = 3937
X: B[4] = 4, C[4] = 4215
X: B[5] = 5, C[5] = 1361
X: B[6] = 7, C[6] = 5880
X: B[7] = 4, C[7] = 6040
X: B[8] = 3, C[8] = 5266
X: B[9] = 2, C[9] = 2669

First 10 elements of B and C for Matrix Y:
Y: B[0] = 3, C[0] = 4824
Y: B[1] = 1, C[1] = 1753
Y: B[2] = 10, C[2] = 7617
Y: B[3] = 6, C[3] = 5751
Y: B[4] = 3, C[4] = 1659
Y: B[5] = 10, C[5] = 1070
Y: B[6] = 7, C[6] = 7077
Y: B[7] = 5, C[7] = 7432
Y: B[8] = 7, C[8] = 407
Y: B[9] = 7, C[9] = 7234
Sparse Matrix X generated with 1000276 non-zero elements.
Sparse Matrix Y generated with 998698 non-zero elements.

First 10 elements of B and C for Matrix X:
X: B[0] = 8, C[0] = 8412
X: B[1] = 3, C[1] = 3072
X: B[2] = 8, C[2] = 9117
X: B[3] = 2, C[3] = 3937
X: B[4] = 4, C[4] = 4215
X: B[5] = 5, C[5] = 1361
X: B[6] = 7, C[6] = 5880
X: B[7] = 4, C[7] = 6040
X: B[8] = 3, C[8] = 5266
X: B[9] = 2, C[9] = 2669

First 10 elements of B and C for Matrix Y:
Y: B[0] = 3, C[0] = 4824
Y: B[1] = 1, C[1] = 1753
Y: B[2] = 10, C[2] = 7617
Y: B[3] = 6, C[3] = 5751
Y: B[4] = 3, C[4] = 1659
Y: B[5] = 10, C[5] = 1070
Y: B[6] = 7, C[6] = 7077
Y: B[7] = 5, C[7] = 7432
Y: B[8] = 7, C[8] = 407
Y: B[9] = 7, C[9] = 7234
Sparse Matrix X generated with 1000276 non-zero elements.
Sparse Matrix Y generated with 998698 non-zero elements.

First 10 elements of B and C for Matrix X:
X: B[0] = 8, C[0] = 8412
X: B[1] = 3, C[1] = 3072
X: B[2] = 8, C[2] = 9117
X: B[3] = 2, C[3] = 3937
X: B[4] = 4, C[4] = 4215
X: B[5] = 5, C[5] = 1361
X: B[6] = 7, C[6] = 5880
X: B[7] = 4, C[7] = 6040
X: B[8] = 3, C[8] = 5266
X: B[9] = 2, C[9] = 2669

First 10 elements of B and C for Matrix Y:
Y: B[0] = 3, C[0] = 4824
Y: B[1] = 1, C[1] = 1753
Y: B[2] = 10, C[2] = 7617
Y: B[3] = 6, C[3] = 5751
Y: B[4] = 3, C[4] = 1659
Y: B[5] = 10, C[5] = 1070
Y: B[6] = 7, C[6] = 7077
Y: B[7] = 5, C[7] = 7432
Y: B[8] = 7, C[8] = 407
Y: B[9] = 7, C[9] = 7234
Sparse Matrix X generated with 1000276 non-zero elements.
Sparse Matrix Y generated with 998698 non-zero elements.

First 10 elements of B and C for Matrix X:
X: B[0] = 8, C[0] = 8412
X: B[1] = 3, C[1] = 3072
X: B[2] = 8, C[2] = 9117
X: B[3] = 2, C[3] = 3937
X: B[4] = 4, C[4] = 4215
X: B[5] = 5, C[5] = 1361
X: B[6] = 7, C[6] = 5880
X: B[7] = 4, C[7] = 6040
X: B[8] = 3, C[8] = 5266
X: B[9] = 2, C[9] = 2669

First 10 elements of B and C for Matrix Y:
Y: B[0] = 3, C[0] = 4824
Y: B[1] = 1, C[1] = 1753
Y: B[2] = 10, C[2] = 7617
Y: B[3] = 6, C[3] = 5751
Y: B[4] = 3, C[4] = 1659
Y: B[5] = 10, C[5] = 1070
Y: B[6] = 7, C[6] = 7077
Y: B[7] = 5, C[7] = 7432
Y: B[8] = 7, C[8] = 407
Y: B[9] = 7, C[9] = 7234
Sparse Matrix X generated with 1000276 non-zero elements.
Sparse Matrix Y generated with 998698 non-zero elements.

First 10 elements of B and C for Matrix X:
X: B[0] = 8, C[0] = 8412
X: B[1] = 3, C[1] = 3072
X: B[2] = 8, C[2] = 9117
X: B[3] = 2, C[3] = 3937
X: B[4] = 4, C[4] = 4215
X: B[5] = 5, C[5] = 1361
X: B[6] = 7, C[6] = 5880
X: B[7] = 4, C[7] = 6040
X: B[8] = 3, C[8] = 5266
X: B[9] = 2, C[9] = 2669

First 10 elements of B and C for Matrix Y:
Y: B[0] = 3, C[0] = 4824
Y: B[1] = 1, C[1] = 1753
Y: B[2] = 10, C[2] = 7617
Y: B[3] = 6, C[3] = 5751
Y: B[4] = 3, C[4] = 1659
Y: B[5] = 10, C[5] = 1070
Y: B[6] = 7, C[6] = 7077
Y: B[7] = 5, C[7] = 7432
Y: B[8] = 7, C[8] = 407
Y: B[9] = 7, C[9] = 7234
Sparse Matrix X generated with 1000276 non-zero elements.
Sparse Matrix Y generated with 998698 non-zero elements.

First 10 elements of B and C for Matrix X:
X: B[0] = 8, C[0] = 8412
X: B[1] = 3, C[1] = 3072
X: B[2] = 8, C[2] = 9117
X: B[3] = 2, C[3] = 3937
X: B[4] = 4, C[4] = 4215
X: B[5] = 5, C[5] = 1361
X: B[6] = 7, C[6] = 5880
X: B[7] = 4, C[7] = 6040
X: B[8] = 3, C[8] = 5266
X: B[9] = 2, C[9] = 2669

First 10 elements of B and C for Matrix Y:
Y: B[0] = 3, C[0] = 4824
Y: B[1] = 1, C[1] = 1753
Y: B[2] = 10, C[2] = 7617
Y: B[3] = 6, C[3] = 5751
Y: B[4] = 3, C[4] = 1659
Y: B[5] = 10, C[5] = 1070
Y: B[6] = 7, C[6] = 7077
Y: B[7] = 5, C[7] = 7432
Y: B[8] = 7, C[8] = 407
Y: B[9] = 7, C[9] = 7234
Sparse Matrix X generated with 1000276 non-zero elements.
Sparse Matrix Y generated with 998698 non-zero elements.

First 10 elements of B and C for Matrix X:
X: B[0] = 8, C[0] = 8412
X: B[1] = 3, C[1] = 3072
X: B[2] = 8, C[2] = 9117
X: B[3] = 2, C[3] = 3937
X: B[4] = 4, C[4] = 4215
X: B[5] = 5, C[5] = 1361
X: B[6] = 7, C[6] = 5880
X: B[7] = 4, C[7] = 6040
X: B[8] = 3, C[8] = 5266
X: B[9] = 2, C[9] = 2669

First 10 elements of B and C for Matrix Y:
Y: B[0] = 3, C[0] = 4824
Y: B[1] = 1, C[1] = 1753
Y: B[2] = 10, C[2] = 7617
Y: B[3] = 6, C[3] = 5751
Y: B[4] = 3, C[4] = 1659
Y: B[5] = 10, C[5] = 1070
Y: B[6] = 7, C[6] = 7077
Y: B[7] = 5, C[7] = 7432
Y: B[8] = 7, C[8] = 407
Y: B[9] = 7, C[9] = 7234
Sparse Matrix X generated with 1000276 non-zero elements.
Sparse Matrix Y generated with 998698 non-zero elements.

First 10 elements of B and C for Matrix X:
X: B[0] = 8, C[0] = 8412
X: B[1] = 3, C[1] = 3072
X: B[2] = 8, C[2] = 9117
X: B[3] = 2, C[3] = 3937
X: B[4] = 4, C[4] = 4215
X: B[5] = 5, C[5] = 1361
X: B[6] = 7, C[6] = 5880
X: B[7] = 4, C[7] = 6040
X: B[8] = 3, C[8] = 5266
X: B[9] = 2, C[9] = 2669

First 10 elements of B and C for Matrix Y:
Y: B[0] = 3, C[0] = 4824
Y: B[1] = 1, C[1] = 1753
Y: B[2] = 10, C[2] = 7617
Y: B[3] = 6, C[3] = 5751
Y: B[4] = 3, C[4] = 1659
Y: B[5] = 10, C[5] = 1070
Y: B[6] = 7, C[6] = 7077
Y: B[7] = 5, C[7] = 7432
Y: B[8] = 7, C[8] = 407
Y: B[9] = 7, C[9] = 7234
